<?xml version="1.0" encoding="UTF-8"?>
<!-- Generated by org.testng.reporters.JUnitXMLReporter -->
<testsuite hostname="mypc" ignored="0" name="Default test" tests="3" failures="0" timestamp="23 Apr 2020 05:48:31 GMT" time="0.9" errors="0">
  <testcase name="verifyHomePageTitleTest" time="0.038" classname="com.qa.tests.HomePageTest"/>
  <testcase name="verifyUserNameTest" time="0.01" classname="com.qa.tests.HomePageTest"/>
  <testcase name="verifyContactsLinkTest" time="0.011" classname="com.qa.tests.HomePageTest"/>
</testsuite> <!-- Default test -->
