<?xml version="1.0" encoding="UTF-8"?>
<!-- Generated by org.testng.reporters.JUnitXMLReporter -->
<testsuite hostname="mypc" ignored="0" name="Regression1" tests="3" failures="0" timestamp="22 Apr 2020 17:14:08 GMT" time="0.91" errors="0">
  <testcase name="titleTest" time="0.039" classname="com.qa.tests.LoginPageTest"/>
  <testcase name="logoTest" time="0.01" classname="com.qa.tests.LoginPageTest"/>
  <testcase name="loginTest" time="0.009" classname="com.qa.tests.LoginPageTest"/>
</testsuite> <!-- Regression1 -->
