<?xml version="1.0" encoding="UTF-8"?>
<!-- Generated by org.testng.reporters.JUnitXMLReporter -->
<testsuite hostname="mypc" ignored="0" name="Regression" tests="3" failures="0" timestamp="23 Apr 2020 03:36:27 GMT" time="0.825" errors="0">
  <testcase name="titleTest" time="0.043" classname="com.qa.tests.LoginPageTest"/>
  <testcase name="logoTest" time="0.008" classname="com.qa.tests.LoginPageTest"/>
  <testcase name="loginTest" time="0.01" classname="com.qa.tests.LoginPageTest"/>
</testsuite> <!-- Regression -->
