<?xml version="1.0" encoding="UTF-8"?>
<!-- Generated by org.testng.reporters.JUnitXMLReporter -->
<testsuite hostname="mypc" ignored="0" name="Regression1" tests="4" failures="0" timestamp="21 Apr 2020 14:03:10 GMT" time="0.685" errors="0">
  <testcase name="loginTest" time="0.391" classname="com.qa.LoginPageTest"/>
  <testcase name="titleTest" time="0.021" classname="com.qa.HomePageTest"/>
  <testcase name="titleTest" time="0.022" classname="com.qa.LoginPageTest"/>
  <testcase name="logoTest" time="0.014" classname="com.qa.HomePageTest"/>
</testsuite> <!-- Regression1 -->
