<?xml version="1.0" encoding="UTF-8"?>
<!-- Generated by org.testng.reporters.JUnitXMLReporter -->
<testsuite hostname="mypc" ignored="0" name="UserTests" tests="8" failures="0" timestamp="23 Apr 2020 06:04:11 GMT" time="1.088" errors="0">
  <testcase name="verifyTitleTest" time="0.035" classname="com.qa.tests.LoginPageTest"/>
  <testcase name="verifyBannerTest" time="0.016" classname="com.qa.tests.HomePageTest"/>
  <testcase name="verifyFieldsTest" time="0.006" classname="com.qa.tests.SignUpPageTest"/>
  <testcase name="verifyLogoTest" time="0.011" classname="com.qa.tests.LoginPageTest"/>
  <testcase name="verifyUserNameTest" time="0.009" classname="com.qa.tests.HomePageTest"/>
  <testcase name="verifySignInButtonTest" time="0.008" classname="com.qa.tests.SignUpPageTest"/>
  <testcase name="verifySignInTest" time="0.011" classname="com.qa.tests.LoginPageTest"/>
  <testcase name="verifyContactsLinkTest" time="0.007" classname="com.qa.tests.HomePageTest"/>
</testsuite> <!-- UserTests -->
